<?xml version="1.0" encoding="UTF-8"?>
<testsuite xmlns:xsi="http://www.w3.org/2001/XMLSchema-instance" xsi:noNamespaceSchemaLocation="https://maven.apache.org/surefire/maven-surefire-plugin/xsd/surefire-test-report-3.0.xsd" version="3.0" name="com.examples.junit.service.ProductServiceTest" time="0.032" tests="6" errors="0" skipped="0" failures="0">
  <properties>
    <property name="java.specification.version" value="21"/>
    <property name="sun.jnu.encoding" value="UTF-8"/>
    <property name="java.class.path" value="/Users/saravana/Desktop/Training/blueyonder_javafullstack-jan2024/labs/examples/java-junit5-examples/target/test-classes:/Users/saravana/Desktop/Training/blueyonder_javafullstack-jan2024/labs/examples/java-junit5-examples/target/classes:/Users/saravana/.m2/repository/org/junit/jupiter/junit-jupiter/5.10.0/junit-jupiter-5.10.0.jar:/Users/saravana/.m2/repository/org/junit/jupiter/junit-jupiter-api/5.10.0/junit-jupiter-api-5.10.0.jar:/Users/saravana/.m2/repository/org/opentest4j/opentest4j/1.3.0/opentest4j-1.3.0.jar:/Users/saravana/.m2/repository/org/junit/platform/junit-platform-commons/1.10.0/junit-platform-commons-1.10.0.jar:/Users/saravana/.m2/repository/org/apiguardian/apiguardian-api/1.1.2/apiguardian-api-1.1.2.jar:/Users/saravana/.m2/repository/org/junit/jupiter/junit-jupiter-params/5.10.0/junit-jupiter-params-5.10.0.jar:/Users/saravana/.m2/repository/org/junit/jupiter/junit-jupiter-engine/5.10.0/junit-jupiter-engine-5.10.0.jar:/Users/saravana/.m2/repository/org/junit/platform/junit-platform-engine/1.10.0/junit-platform-engine-1.10.0.jar:"/>
    <property name="java.vm.vendor" value="Oracle Corporation"/>
    <property name="sun.arch.data.model" value="64"/>
    <property name="java.vendor.url" value="https://java.oracle.com/"/>
    <property name="os.name" value="Mac OS X"/>
    <property name="java.vm.specification.version" value="21"/>
    <property name="sun.java.launcher" value="SUN_STANDARD"/>
    <property name="user.country" value="IN"/>
    <property name="sun.boot.library.path" value="/Library/Java/JavaVirtualMachines/jdk-21.jdk/Contents/Home/lib"/>
    <property name="sun.java.command" value="/Users/saravana/Desktop/Training/blueyonder_javafullstack-jan2024/labs/examples/java-junit5-examples/target/surefire/surefirebooter-20240201144205898_3.jar /Users/saravana/Desktop/Training/blueyonder_javafullstack-jan2024/labs/examples/java-junit5-examples/target/surefire 2024-02-01T14-42-05_843-jvmRun1 surefire-20240201144205898_1tmp surefire_0-20240201144205898_2tmp"/>
    <property name="http.nonProxyHosts" value="local|*.local|169.254/16|*.169.254/16"/>
    <property name="jdk.debug" value="release"/>
    <property name="surefire.test.class.path" value="/Users/saravana/Desktop/Training/blueyonder_javafullstack-jan2024/labs/examples/java-junit5-examples/target/test-classes:/Users/saravana/Desktop/Training/blueyonder_javafullstack-jan2024/labs/examples/java-junit5-examples/target/classes:/Users/saravana/.m2/repository/org/junit/jupiter/junit-jupiter/5.10.0/junit-jupiter-5.10.0.jar:/Users/saravana/.m2/repository/org/junit/jupiter/junit-jupiter-api/5.10.0/junit-jupiter-api-5.10.0.jar:/Users/saravana/.m2/repository/org/opentest4j/opentest4j/1.3.0/opentest4j-1.3.0.jar:/Users/saravana/.m2/repository/org/junit/platform/junit-platform-commons/1.10.0/junit-platform-commons-1.10.0.jar:/Users/saravana/.m2/repository/org/apiguardian/apiguardian-api/1.1.2/apiguardian-api-1.1.2.jar:/Users/saravana/.m2/repository/org/junit/jupiter/junit-jupiter-params/5.10.0/junit-jupiter-params-5.10.0.jar:/Users/saravana/.m2/repository/org/junit/jupiter/junit-jupiter-engine/5.10.0/junit-jupiter-engine-5.10.0.jar:/Users/saravana/.m2/repository/org/junit/platform/junit-platform-engine/1.10.0/junit-platform-engine-1.10.0.jar:"/>
    <property name="sun.cpu.endian" value="little"/>
    <property name="user.home" value="/Users/saravana"/>
    <property name="user.language" value="en"/>
    <property name="java.specification.vendor" value="Oracle Corporation"/>
    <property name="java.version.date" value="2024-01-16"/>
    <property name="java.home" value="/Library/Java/JavaVirtualMachines/jdk-21.jdk/Contents/Home"/>
    <property name="file.separator" value="/"/>
    <property name="basedir" value="/Users/saravana/Desktop/Training/blueyonder_javafullstack-jan2024/labs/examples/java-junit5-examples"/>
    <property name="java.vm.compressedOopsMode" value="Zero based"/>
    <property name="line.separator" value="&#10;"/>
    <property name="java.vm.specification.vendor" value="Oracle Corporation"/>
    <property name="java.specification.name" value="Java Platform API Specification"/>
    <property name="apple.awt.application.name" value="ForkedBooter"/>
    <property name="surefire.real.class.path" value="/Users/saravana/Desktop/Training/blueyonder_javafullstack-jan2024/labs/examples/java-junit5-examples/target/surefire/surefirebooter-20240201144205898_3.jar"/>
    <property name="sun.management.compiler" value="HotSpot 64-Bit Tiered Compilers"/>
    <property name="ftp.nonProxyHosts" value="local|*.local|169.254/16|*.169.254/16"/>
    <property name="java.runtime.version" value="21.0.2+13-LTS-58"/>
    <property name="user.name" value="saravana"/>
    <property name="stdout.encoding" value="US-ASCII"/>
    <property name="path.separator" value=":"/>
    <property name="os.version" value="13.3"/>
    <property name="java.runtime.name" value="Java(TM) SE Runtime Environment"/>
    <property name="file.encoding" value="UTF-8"/>
    <property name="java.vm.name" value="Java HotSpot(TM) 64-Bit Server VM"/>
    <property name="localRepository" value="/Users/saravana/.m2/repository"/>
    <property name="java.vendor.url.bug" value="https://bugreport.java.com/bugreport/"/>
    <property name="java.io.tmpdir" value="/var/folders/7z/dbyd2p2x4hbc3qmgcdlk0b780000gp/T/"/>
    <property name="idea.version" value="2023.3.3"/>
    <property name="java.version" value="21.0.2"/>
    <property name="user.dir" value="/Users/saravana/Desktop/Training/blueyonder_javafullstack-jan2024/labs/examples/java-junit5-examples"/>
    <property name="os.arch" value="aarch64"/>
    <property name="java.vm.specification.name" value="Java Virtual Machine Specification"/>
    <property name="native.encoding" value="US-ASCII"/>
    <property name="java.library.path" value="/Users/saravana/Library/Java/Extensions:/Library/Java/Extensions:/Network/Library/Java/Extensions:/System/Library/Java/Extensions:/usr/lib/java:."/>
    <property name="java.vm.info" value="mixed mode, sharing"/>
    <property name="stderr.encoding" value="US-ASCII"/>
    <property name="java.vendor" value="Oracle Corporation"/>
    <property name="java.vm.version" value="21.0.2+13-LTS-58"/>
    <property name="sun.io.unicode.encoding" value="UnicodeBig"/>
    <property name="socksNonProxyHosts" value="local|*.local|169.254/16|*.169.254/16"/>
    <property name="java.class.version" value="65.0"/>
  </properties>
  <testcase name="shouldDeleteProductWhenPassingValidProductId" classname="com.examples.junit.service.ProductServiceTest" time="0.01">
    <system-out><![CDATA[Test data initialization at class level..
Test data initialization at each test case level..
Test data clean up at each test case level..
]]></system-out>
  </testcase>
  <testcase name="shouldShowErrorWhenNotPassingMandatoryDetails" classname="com.examples.junit.service.ProductServiceTest" time="0.002">
    <system-out><![CDATA[Test data initialization at each test case level..
Test data clean up at each test case level..
]]></system-out>
  </testcase>
  <testcase name="shouldCreateProductWhenPassingMandatoryDetails" classname="com.examples.junit.service.ProductServiceTest" time="0.001">
    <system-out><![CDATA[Test data initialization at each test case level..
Test data clean up at each test case level..
]]></system-out>
  </testcase>
  <testcase name="shouldUpdateProductForGivenProductId" classname="com.examples.junit.service.ProductServiceTest" time="0.0">
    <system-out><![CDATA[Test data initialization at each test case level..
Test data clean up at each test case level..
]]></system-out>
  </testcase>
  <testcase name="shouldReturnAllProductsWhenDontSpecifyProductId" classname="com.examples.junit.service.ProductServiceTest" time="0.0">
    <system-out><![CDATA[Test data initialization at each test case level..
Test data clean up at each test case level..
]]></system-out>
  </testcase>
  <testcase name="shouldReturnProductForGivenProductId" classname="com.examples.junit.service.ProductServiceTest" time="0.0">
    <system-out><![CDATA[Test data initialization at each test case level..
Test data clean up at each test case level..
]]></system-out>
  </testcase>
</testsuite>